[INFO] Scanning for projects...
[INFO] 
[INFO] -----------------------< com.example:mileStone1 >-----------------------
[INFO] Building mileStone1 0.0.1-SNAPSHOT
[INFO]   from pom.xml
[INFO] --------------------------------[ jar ]---------------------------------
[INFO] 
[INFO] >>> spring-boot:3.3.0:run (default-cli) > test-compile @ mileStone1 >>>
[INFO] 
[INFO] --- resources:3.3.1:resources (default-resources) @ mileStone1 ---
[INFO] Copying 2 resources from src\main\resources to target\classes
[INFO] Copying 1 resource from src\main\resources to target\classes
[INFO] 
[INFO] --- compiler:3.13.0:compile (default-compile) @ mileStone1 ---
[INFO] Nothing to compile - all classes are up to date.
[INFO] 
[INFO] --- resources:3.3.1:testResources (default-testResources) @ mileStone1 ---
[INFO] skip non existing resourceDirectory C:\Users\nukal\OneDrive\Desktop\budget\backend\src\test\resources
[INFO] 
[INFO] --- compiler:3.13.0:testCompile (default-testCompile) @ mileStone1 ---
[INFO] Nothing to compile - all classes are up to date.
[INFO] 
[INFO] <<< spring-boot:3.3.0:run (default-cli) < test-compile @ mileStone1 <<<
[INFO] 
[INFO] 
[INFO] --- spring-boot:3.3.0:run (default-cli) @ mileStone1 ---
[INFO] Attaching agents: []
Standard Commons Logging discovery in action with spring-jcl: please remove commons-logging.jar from classpath in order to avoid potential conflicts
  .   ____          _            __ _ _
 /\\ / ___'_ __ _ _(_)_ __  __ _ \ \ \ \
( ( )\___ | '_ | '_| | '_ \/ _` | \ \ \ \
 \\/  ___)| |_)| | | | | || (_| |  ) ) ) )
  '  |____| .__|_| |_|_| |_\__, | / / / /
 =========|_|==============|___/=/_/_/_/

 :: Spring Boot ::                (v3.3.0)

2026-04-08T10:24:16.425+05:30  INFO 11424 --- [           main] c.e.mileStone1.MileStone1Application     : Starting MileStone1Application using Java 17.0.18 with PID 11424 (C:\Users\nukal\OneDrive\Desktop\budget\backend\target\classes started by nukal in C:\Users\nukal\OneDrive\Desktop\budget\backend)
2026-04-08T10:24:16.427+05:30  INFO 11424 --- [           main] c.e.mileStone1.MileStone1Application     : No active profile set, falling back to 1 default profile: "default"
2026-04-08T10:24:16.849+05:30  INFO 11424 --- [           main] .s.d.r.c.RepositoryConfigurationDelegate : Bootstrapping Spring Data JPA repositories in DEFAULT mode.
2026-04-08T10:24:16.923+05:30  INFO 11424 --- [           main] .s.d.r.c.RepositoryConfigurationDelegate : Finished Spring Data repository scanning in 68 ms. Found 12 JPA repository interfaces.
2026-04-08T10:24:17.464+05:30  INFO 11424 --- [           main] o.s.b.w.embedded.tomcat.TomcatWebServer  : Tomcat initialized with port 8082 (http)
2026-04-08T10:24:17.473+05:30  INFO 11424 --- [           main] o.apache.catalina.core.StandardService   : Starting service [Tomcat]
2026-04-08T10:24:17.473+05:30  INFO 11424 --- [           main] o.apache.catalina.core.StandardEngine    : Starting Servlet engine: [Apache Tomcat/10.1.24]
2026-04-08T10:24:17.533+05:30  INFO 11424 --- [           main] o.a.c.c.C.[Tomcat].[localhost].[/]       : Initializing Spring embedded WebApplicationContext
2026-04-08T10:24:17.534+05:30  INFO 11424 --- [           main] w.s.c.ServletWebServerApplicationContext : Root WebApplicationContext: initialization completed in 1057 ms
Standard Commons Logging discovery in action with spring-jcl: please remove commons-logging.jar from classpath in order to avoid potential conflicts
2026-04-08T10:24:17.673+05:30  INFO 11424 --- [           main] o.hibernate.jpa.internal.util.LogHelper  : HHH000204: Processing PersistenceUnitInfo [name: default]
2026-04-08T10:24:17.708+05:30  INFO 11424 --- [           main] org.hibernate.Version                    : HHH000412: Hibernate ORM core version 6.5.2.Final
2026-04-08T10:24:17.729+05:30  INFO 11424 --- [           main] o.h.c.internal.RegionFactoryInitiator    : HHH000026: Second-level cache disabled
2026-04-08T10:24:17.938+05:30  INFO 11424 --- [           main] o.s.o.j.p.SpringPersistenceUnitInfo      : No LoadTimeWeaver setup: ignoring JPA class transformer
2026-04-08T10:24:17.955+05:30  INFO 11424 --- [           main] com.zaxxer.hikari.HikariDataSource       : HikariPool-1 - Starting...
2026-04-08T10:24:18.103+05:30  INFO 11424 --- [           main] com.zaxxer.hikari.pool.HikariPool        : HikariPool-1 - Added connection com.mysql.cj.jdbc.ConnectionImpl@1850f2da
2026-04-08T10:24:18.105+05:30  INFO 11424 --- [           main] com.zaxxer.hikari.HikariDataSource       : HikariPool-1 - Start completed.
2026-04-08T10:24:18.143+05:30  WARN 11424 --- [           main] org.hibernate.orm.deprecation            : HHH90000025: MySQLDialect does not need to be specified explicitly using 'hibernate.dialect' (remove the property setting and it will be selected by default)
2026-04-08T10:24:18.801+05:30  INFO 11424 --- [           main] o.h.e.t.j.p.i.JtaPlatformInitiator       : HHH000489: No JTA platform available (set 'hibernate.transaction.jta.platform' to enable JTA platform integration)
2026-04-08T10:24:18.866+05:30  INFO 11424 --- [           main] j.LocalContainerEntityManagerFactoryBean : Initialized JPA EntityManagerFactory for persistence unit 'default'
2026-04-08T10:24:19.211+05:30  WARN 11424 --- [           main] JpaBaseConfiguration$JpaWebConfiguration : spring.jpa.open-in-view is enabled by default. Therefore, database queries may be performed during view rendering. Explicitly configure spring.jpa.open-in-view to disable this warning
2026-04-08T10:24:19.222+05:30  WARN 11424 --- [           main] .s.s.UserDetailsServiceAutoConfiguration : 

Using generated security password: ae1b3606-c169-4219-a357-00c0358fe508

This generated password is for development use only. Your security configuration must be updated before running your application in production.

2026-04-08T10:24:19.227+05:30  INFO 11424 --- [           main] r$InitializeUserDetailsManagerConfigurer : Global AuthenticationManager configured with UserDetailsService bean with name inMemoryUserDetailsManager
2026-04-08T10:24:19.406+05:30  INFO 11424 --- [           main] o.s.s.web.DefaultSecurityFilterChain     : Will secure any request with [org.springframework.security.web.session.DisableEncodeUrlFilter@79aa675b, org.springframework.security.web.context.request.async.WebAsyncManagerIntegrationFilter@3fe59f84, org.springframework.security.web.context.SecurityContextHolderFilter@235d46b2, org.springframework.security.web.header.HeaderWriterFilter@6cee52e2, org.springframework.web.filter.CorsFilter@38eafdab, org.springframework.security.web.authentication.logout.LogoutFilter@28721794, com.example.mileStone1.security.JwtFilter@682abca7, org.springframework.security.web.savedrequest.RequestCacheAwareFilter@f83616, org.springframework.security.web.servletapi.SecurityContextHolderAwareRequestFilter@650a0b50, org.springframework.security.web.authentication.AnonymousAuthenticationFilter@373c8f35, org.springframework.security.web.session.SessionManagementFilter@413e8246, org.springframework.security.web.access.ExceptionTranslationFilter@698daff6, org.springframework.security.web.access.intercept.AuthorizationFilter@287dde94]
2026-04-08T10:24:19.571+05:30  WARN 11424 --- [           main] ConfigServletWebServerApplicationContext : Exception encountered during context initialization - cancelling refresh attempt: org.springframework.context.ApplicationContextException: Failed to start bean 'webServerStartStop'
2026-04-08T10:24:19.572+05:30  INFO 11424 --- [           main] j.LocalContainerEntityManagerFactoryBean : Closing JPA EntityManagerFactory for persistence unit 'default'
2026-04-08T10:24:19.575+05:30  INFO 11424 --- [           main] com.zaxxer.hikari.HikariDataSource       : HikariPool-1 - Shutdown initiated...
2026-04-08T10:24:19.579+05:30  INFO 11424 --- [           main] com.zaxxer.hikari.HikariDataSource       : HikariPool-1 - Shutdown completed.
2026-04-08T10:24:19.588+05:30  INFO 11424 --- [           main] .s.b.a.l.ConditionEvaluationReportLogger : 

Error starting ApplicationContext. To display the condition evaluation report re-run your application with 'debug' enabled.
2026-04-08T10:24:19.603+05:30 ERROR 11424 --- [           main] o.s.b.d.LoggingFailureAnalysisReporter   : 

***************************
APPLICATION FAILED TO START
***************************

Description:

Web server failed to start. Port 8082 was already in use.

Action:

Identify and stop the process that's listening on port 8082 or configure this application to listen on another port.

[INFO] ------------------------------------------------------------------------
[INFO] BUILD FAILURE
[INFO] ------------------------------------------------------------------------
[INFO] Total time:  5.543 s
[INFO] Finished at: 2026-04-08T10:24:19+05:30
[INFO] ------------------------------------------------------------------------
[ERROR] Failed to execute goal org.springframework.boot:spring-boot-maven-plugin:3.3.0:run (default-cli) on project mileStone1: Process terminated with exit code: 1 -> [Help 1]
[ERROR] 
[ERROR] To see the full stack trace of the errors, re-run Maven with the -e switch.
[ERROR] Re-run Maven using the -X switch to enable full debug logging.
[ERROR] 
[ERROR] For more information about the errors and possible solutions, please read the following articles:
[ERROR] [Help 1] http://cwiki.apache.org/confluence/display/MAVEN/MojoExecutionException
